\BOOKMARK [1][-]{section.1}{\376\377\000M\000e\000s\000u\000r\000e\000\040\000p\000a\000r\000\040\000v\000o\000l\000\040\000l\000i\000b\000r\000e\000\040\000d\000e\000\040\000l\000a\000\040\000d\000e\000n\000s\000i\000t\000\351\000\040\000d\000e\000\040\000p\000r\000o\000b\000a\000b\000i\000l\000i\000t\000\351\000\040\000d\000e\000\040\000l\040\031\000i\000m\000p\000u\000l\000s\000i\000o\000n}{}% 1
\BOOKMARK [2][-]{subsection.1.1}{}{section.1}% 2
\BOOKMARK [2][-]{subsection.1.2}{}{section.1}% 3
\BOOKMARK [2][-]{subsection.1.3}{}{section.1}% 4
\BOOKMARK [2][-]{subsection.1.4}{}{section.1}% 5
\BOOKMARK [2][-]{subsection.1.5}{}{section.1}% 6
\BOOKMARK [2][-]{subsection.1.6}{}{section.1}% 7
\BOOKMARK [1][-]{section.2}{\376\377\000P\000r\000\351\000p\000a\000r\000a\000t\000i\000o\000n\000\040\000d\000u\000\040\000s\000y\000s\000t\000\350\000m\000e\000\040\000d\000a\000n\000s\000\040\000l\000e\000\040\000p\000r\000e\000m\000i\000e\000r\000\040\000\351\000t\000a\000t\000\040\000e\000x\000c\000i\000t\000\351}{}% 8
\BOOKMARK [2][-]{subsection.2.1}{}{section.2}% 9
\BOOKMARK [2][-]{subsection.2.2}{}{section.2}% 10
\BOOKMARK [2][-]{subsection.2.3}{}{section.2}% 11
\BOOKMARK [2][-]{subsection.2.4}{}{section.2}% 12
\BOOKMARK [2][-]{subsection.2.5}{}{section.2}% 13
\BOOKMARK [1][-]{section.3}{\376\377\000P\000r\000\351\000p\000a\000r\000a\000t\000i\000o\000n\000\040\000d\040\031\000u\000n\000\040\000\351\000t\000a\000t\000\040\000n\000o\000n\000\040\000s\000t\000a\000t\000i\000o\000n\000n\000a\000i\000r\000e}{}% 14
\BOOKMARK [2][-]{subsection.3.1}{}{section.3}% 15
\BOOKMARK [2][-]{subsection.3.2}{}{section.3}% 16
\BOOKMARK [2][-]{subsection.3.3}{}{section.3}% 17
\BOOKMARK [3][-]{subsubsection.3.3.1}{}{subsection.3.3}% 18
\BOOKMARK [3][-]{subsubsection.3.3.2}{}{subsection.3.3}% 19
\BOOKMARK [2][-]{subsection.3.4}{}{section.3}% 20
